<?xml version="1.0" encoding="UTF-8"?>
<testsuite xmlns:xsi="http://www.w3.org/2001/XMLSchema-instance" xsi:noNamespaceSchemaLocation="https://maven.apache.org/surefire/maven-surefire-plugin/xsd/surefire-test-report-3.0.xsd" version="3.0" name="org.apache.flink.connectors.test.common.utils.NoChangeTest" time="0.01" tests="4" errors="1" skipped="1" failures="1">
  <properties>
    <property name="gopherProxySet" value="false"/>
    <property name="awt.toolkit" value="sun.lwawt.macosx.LWCToolkit"/>
    <property name="file.encoding.pkg" value="sun.io"/>
    <property name="java.specification.version" value="1.8"/>
    <property name="sun.cpu.isalist" value=""/>
    <property name="forkNumber" value="01"/>
    <property name="sun.jnu.encoding" value="UTF-8"/>
    <property name="java.class.path" value="/Users/hangruan/project/flink/flink-test-utils-parent/flink-connector-testing/target/test-classes:/Users/hangruan/project/flink/flink-test-utils-parent/flink-connector-testing/target/classes:/Users/hangruan/maven/repo/org/junit/jupiter/junit-jupiter/5.8.1/junit-jupiter-5.8.1.jar:/Users/hangruan/maven/repo/org/junit/jupiter/junit-jupiter-api/5.8.1/junit-jupiter-api-5.8.1.jar:/Users/hangruan/maven/repo/org/opentest4j/opentest4j/1.2.0/opentest4j-1.2.0.jar:/Users/hangruan/maven/repo/org/junit/platform/junit-platform-commons/1.8.1/junit-platform-commons-1.8.1.jar:/Users/hangruan/maven/repo/org/junit/jupiter/junit-jupiter-params/5.8.1/junit-jupiter-params-5.8.1.jar:/Users/hangruan/maven/repo/org/junit/jupiter/junit-jupiter-engine/5.8.1/junit-jupiter-engine-5.8.1.jar:/Users/hangruan/maven/repo/org/apache/flink/flink-core/1.15-SNAPSHOT/flink-core-1.15-SNAPSHOT.jar:/Users/hangruan/maven/repo/org/apache/flink/flink-annotations/1.15-SNAPSHOT/flink-annotations-1.15-SNAPSHOT.jar:/Users/hangruan/maven/repo/org/apache/flink/flink-metrics-core/1.15-SNAPSHOT/flink-metrics-core-1.15-SNAPSHOT.jar:/Users/hangruan/maven/repo/org/apache/flink/flink-shaded-asm-7/7.1-14.0/flink-shaded-asm-7-7.1-14.0.jar:/Users/hangruan/maven/repo/org/apache/commons/commons-lang3/3.3.2/commons-lang3-3.3.2.jar:/Users/hangruan/maven/repo/com/esotericsoftware/kryo/kryo/2.24.0/kryo-2.24.0.jar:/Users/hangruan/maven/repo/com/esotericsoftware/minlog/minlog/1.2/minlog-1.2.jar:/Users/hangruan/maven/repo/commons-collections/commons-collections/3.2.2/commons-collections-3.2.2.jar:/Users/hangruan/maven/repo/org/apache/commons/commons-compress/1.21/commons-compress-1.21.jar:/Users/hangruan/maven/repo/org/apache/flink/flink-shaded-guava/30.1.1-jre-14.0/flink-shaded-guava-30.1.1-jre-14.0.jar:/Users/hangruan/maven/repo/org/apache/flink/flink-streaming-java/1.15-SNAPSHOT/flink-streaming-java-1.15-SNAPSHOT.jar:/Users/hangruan/maven/repo/org/apache/flink/flink-file-sink-common/1.15-SNAPSHOT/flink-file-sink-common-1.15-SNAPSHOT.jar:/Users/hangruan/maven/repo/org/apache/flink/flink-runtime/1.15-SNAPSHOT/flink-runtime-1.15-SNAPSHOT.jar:/Users/hangruan/maven/repo/org/apache/flink/flink-rpc-core/1.15-SNAPSHOT/flink-rpc-core-1.15-SNAPSHOT.jar:/Users/hangruan/maven/repo/org/apache/flink/flink-rpc-akka-loader/1.15-SNAPSHOT/flink-rpc-akka-loader-1.15-SNAPSHOT.jar:/Users/hangruan/maven/repo/org/apache/flink/flink-queryable-state-client-java/1.15-SNAPSHOT/flink-queryable-state-client-java-1.15-SNAPSHOT.jar:/Users/hangruan/maven/repo/org/apache/flink/flink-hadoop-fs/1.15-SNAPSHOT/flink-hadoop-fs-1.15-SNAPSHOT.jar:/Users/hangruan/maven/repo/commons-io/commons-io/2.11.0/commons-io-2.11.0.jar:/Users/hangruan/maven/repo/org/apache/flink/flink-shaded-netty/4.1.65.Final-14.0/flink-shaded-netty-4.1.65.Final-14.0.jar:/Users/hangruan/maven/repo/org/apache/flink/flink-shaded-jackson/2.12.4-14.0/flink-shaded-jackson-2.12.4-14.0.jar:/Users/hangruan/maven/repo/org/apache/flink/flink-shaded-zookeeper-3/3.4.14-14.0/flink-shaded-zookeeper-3-3.4.14-14.0.jar:/Users/hangruan/maven/repo/commons-cli/commons-cli/1.5.0/commons-cli-1.5.0.jar:/Users/hangruan/maven/repo/org/javassist/javassist/3.24.0-GA/javassist-3.24.0-GA.jar:/Users/hangruan/maven/repo/org/xerial/snappy/snappy-java/1.1.8.3/snappy-java-1.1.8.3.jar:/Users/hangruan/maven/repo/org/lz4/lz4-java/1.8.0/lz4-java-1.8.0.jar:/Users/hangruan/maven/repo/org/apache/flink/flink-java/1.15-SNAPSHOT/flink-java-1.15-SNAPSHOT.jar:/Users/hangruan/maven/repo/com/twitter/chill-java/0.7.6/chill-java-0.7.6.jar:/Users/hangruan/maven/repo/org/apache/commons/commons-math3/3.6.1/commons-math3-3.6.1.jar:/Users/hangruan/maven/repo/org/apache/flink/flink-connector-base/1.15-SNAPSHOT/flink-connector-base-1.15-SNAPSHOT.jar:/Users/hangruan/maven/repo/org/apache/flink/flink-table-common/1.15-SNAPSHOT/flink-table-common-1.15-SNAPSHOT.jar:/Users/hangruan/maven/repo/org/apache/flink/flink-test-utils/1.15-SNAPSHOT/flink-test-utils-1.15-SNAPSHOT.jar:/Users/hangruan/maven/repo/org/apache/flink/flink-test-utils-junit/1.15-SNAPSHOT/flink-test-utils-junit-1.15-SNAPSHOT.jar:/Users/hangruan/maven/repo/org/apache/flink/flink-runtime/1.15-SNAPSHOT/flink-runtime-1.15-SNAPSHOT-tests.jar:/Users/hangruan/maven/repo/org/apache/flink/flink-core/1.15-SNAPSHOT/flink-core-1.15-SNAPSHOT-tests.jar:/Users/hangruan/maven/repo/org/apache/flink/flink-rpc-akka-loader/1.15-SNAPSHOT/flink-rpc-akka-loader-1.15-SNAPSHOT-tests.jar:/Users/hangruan/maven/repo/org/apache/flink/flink-clients/1.15-SNAPSHOT/flink-clients-1.15-SNAPSHOT.jar:/Users/hangruan/maven/repo/org/apache/flink/flink-optimizer/1.15-SNAPSHOT/flink-optimizer-1.15-SNAPSHOT.jar:/Users/hangruan/maven/repo/org/apache/curator/curator-test/2.12.0/curator-test-2.12.0.jar:/Users/hangruan/maven/repo/org/apache/zookeeper/zookeeper/3.4.14/zookeeper-3.4.14.jar:/Users/hangruan/maven/repo/com/github/spotbugs/spotbugs-annotations/3.1.9/spotbugs-annotations-3.1.9.jar:/Users/hangruan/maven/repo/org/apache/yetus/audience-annotations/0.5.0/audience-annotations-0.5.0.jar:/Users/hangruan/maven/repo/com/google/guava/guava/16.0.1/guava-16.0.1.jar:/Users/hangruan/maven/repo/org/apache/flink/flink-statebackend-changelog/1.15-SNAPSHOT/flink-statebackend-changelog-1.15-SNAPSHOT.jar:/Users/hangruan/maven/repo/org/assertj/assertj-core/3.21.0/assertj-core-3.21.0.jar:/Users/hangruan/maven/repo/org/testcontainers/testcontainers/1.16.2/testcontainers-1.16.2.jar:/Users/hangruan/maven/repo/junit/junit/4.13.2/junit-4.13.2.jar:/Users/hangruan/maven/repo/org/rnorth/duct-tape/duct-tape/1.0.8/duct-tape-1.0.8.jar:/Users/hangruan/maven/repo/org/jetbrains/annotations/17.0.0/annotations-17.0.0.jar:/Users/hangruan/maven/repo/com/github/docker-java/docker-java-api/3.2.12/docker-java-api-3.2.12.jar:/Users/hangruan/maven/repo/com/fasterxml/jackson/core/jackson-annotations/2.13.0/jackson-annotations-2.13.0.jar:/Users/hangruan/maven/repo/com/github/docker-java/docker-java-transport-zerodep/3.2.12/docker-java-transport-zerodep-3.2.12.jar:/Users/hangruan/maven/repo/com/github/docker-java/docker-java-transport/3.2.12/docker-java-transport-3.2.12.jar:/Users/hangruan/maven/repo/net/java/dev/jna/jna/5.5.0/jna-5.5.0.jar:/Users/hangruan/maven/repo/org/apache/flink/flink-table-api-java-bridge/1.15-SNAPSHOT/flink-table-api-java-bridge-1.15-SNAPSHOT.jar:/Users/hangruan/maven/repo/org/apache/flink/flink-table-api-java/1.15-SNAPSHOT/flink-table-api-java-1.15-SNAPSHOT.jar:/Users/hangruan/maven/repo/org/apache/flink/flink-shaded-force-shading/14.0/flink-shaded-force-shading-14.0.jar:/Users/hangruan/maven/repo/org/slf4j/slf4j-api/1.7.15/slf4j-api-1.7.15.jar:/Users/hangruan/maven/repo/com/google/code/findbugs/jsr305/1.3.9/jsr305-1.3.9.jar:/Users/hangruan/maven/repo/org/junit/vintage/junit-vintage-engine/5.8.1/junit-vintage-engine-5.8.1.jar:/Users/hangruan/maven/repo/org/junit/platform/junit-platform-engine/1.8.1/junit-platform-engine-1.8.1.jar:/Users/hangruan/maven/repo/org/apiguardian/apiguardian-api/1.1.2/apiguardian-api-1.1.2.jar:/Users/hangruan/maven/repo/org/mockito/mockito-core/2.21.0/mockito-core-2.21.0.jar:/Users/hangruan/maven/repo/net/bytebuddy/byte-buddy/1.8.15/byte-buddy-1.8.15.jar:/Users/hangruan/maven/repo/net/bytebuddy/byte-buddy-agent/1.8.15/byte-buddy-agent-1.8.15.jar:/Users/hangruan/maven/repo/org/objenesis/objenesis/2.1/objenesis-2.1.jar:/Users/hangruan/maven/repo/org/powermock/powermock-module-junit4/2.0.9/powermock-module-junit4-2.0.9.jar:/Users/hangruan/maven/repo/org/powermock/powermock-module-junit4-common/2.0.9/powermock-module-junit4-common-2.0.9.jar:/Users/hangruan/maven/repo/org/powermock/powermock-reflect/2.0.9/powermock-reflect-2.0.9.jar:/Users/hangruan/maven/repo/org/powermock/powermock-core/2.0.9/powermock-core-2.0.9.jar:/Users/hangruan/maven/repo/org/hamcrest/hamcrest-core/1.3/hamcrest-core-1.3.jar:/Users/hangruan/maven/repo/org/powermock/powermock-api-mockito2/2.0.9/powermock-api-mockito2-2.0.9.jar:/Users/hangruan/maven/repo/org/powermock/powermock-api-support/2.0.9/powermock-api-support-2.0.9.jar:/Users/hangruan/maven/repo/org/hamcrest/hamcrest-all/1.3/hamcrest-all-1.3.jar:/Users/hangruan/maven/repo/org/testcontainers/junit-jupiter/1.16.2/junit-jupiter-1.16.2.jar:/Users/hangruan/maven/repo/org/apache/logging/log4j/log4j-slf4j-impl/2.14.1/log4j-slf4j-impl-2.14.1.jar:/Users/hangruan/maven/repo/org/apache/logging/log4j/log4j-api/2.14.1/log4j-api-2.14.1.jar:/Users/hangruan/maven/repo/org/apache/logging/log4j/log4j-core/2.14.1/log4j-core-2.14.1.jar:/Users/hangruan/maven/repo/org/apache/logging/log4j/log4j-1.2-api/2.14.1/log4j-1.2-api-2.14.1.jar:"/>
    <property name="java.vm.vendor" value="Oracle Corporation"/>
    <property name="hadoop.version" value="2.4.1"/>
    <property name="sun.arch.data.model" value="64"/>
    <property name="java.vendor.url" value="http://java.oracle.com/"/>
    <property name="user.timezone" value="Asia/Shanghai"/>
    <property name="java.vm.specification.version" value="1.8"/>
    <property name="os.name" value="Mac OS X"/>
    <property name="user.country" value="CN"/>
    <property name="sun.java.launcher" value="SUN_STANDARD"/>
    <property name="sun.boot.library.path" value="/Library/Java/JavaVirtualMachines/jdk1.8.0_301.jdk/Contents/Home/jre/lib"/>
    <property name="project.basedir" value="/Users/hangruan/project/flink/flink-test-utils-parent/flink-connector-testing"/>
    <property name="sun.java.command" value="/Users/hangruan/project/flink/flink-test-utils-parent/flink-connector-testing/target/surefire/surefirebooter2466498656118799626.jar /Users/hangruan/project/flink/flink-test-utils-parent/flink-connector-testing/target/surefire 2021-12-09T11-21-17_742-jvmRun1 surefire6082989435305299944tmp surefire_02445443360960794430tmp"/>
    <property name="surefire.test.class.path" value="/Users/hangruan/project/flink/flink-test-utils-parent/flink-connector-testing/target/test-classes:/Users/hangruan/project/flink/flink-test-utils-parent/flink-connector-testing/target/classes:/Users/hangruan/maven/repo/org/junit/jupiter/junit-jupiter/5.8.1/junit-jupiter-5.8.1.jar:/Users/hangruan/maven/repo/org/junit/jupiter/junit-jupiter-api/5.8.1/junit-jupiter-api-5.8.1.jar:/Users/hangruan/maven/repo/org/opentest4j/opentest4j/1.2.0/opentest4j-1.2.0.jar:/Users/hangruan/maven/repo/org/junit/platform/junit-platform-commons/1.8.1/junit-platform-commons-1.8.1.jar:/Users/hangruan/maven/repo/org/junit/jupiter/junit-jupiter-params/5.8.1/junit-jupiter-params-5.8.1.jar:/Users/hangruan/maven/repo/org/junit/jupiter/junit-jupiter-engine/5.8.1/junit-jupiter-engine-5.8.1.jar:/Users/hangruan/maven/repo/org/apache/flink/flink-core/1.15-SNAPSHOT/flink-core-1.15-SNAPSHOT.jar:/Users/hangruan/maven/repo/org/apache/flink/flink-annotations/1.15-SNAPSHOT/flink-annotations-1.15-SNAPSHOT.jar:/Users/hangruan/maven/repo/org/apache/flink/flink-metrics-core/1.15-SNAPSHOT/flink-metrics-core-1.15-SNAPSHOT.jar:/Users/hangruan/maven/repo/org/apache/flink/flink-shaded-asm-7/7.1-14.0/flink-shaded-asm-7-7.1-14.0.jar:/Users/hangruan/maven/repo/org/apache/commons/commons-lang3/3.3.2/commons-lang3-3.3.2.jar:/Users/hangruan/maven/repo/com/esotericsoftware/kryo/kryo/2.24.0/kryo-2.24.0.jar:/Users/hangruan/maven/repo/com/esotericsoftware/minlog/minlog/1.2/minlog-1.2.jar:/Users/hangruan/maven/repo/commons-collections/commons-collections/3.2.2/commons-collections-3.2.2.jar:/Users/hangruan/maven/repo/org/apache/commons/commons-compress/1.21/commons-compress-1.21.jar:/Users/hangruan/maven/repo/org/apache/flink/flink-shaded-guava/30.1.1-jre-14.0/flink-shaded-guava-30.1.1-jre-14.0.jar:/Users/hangruan/maven/repo/org/apache/flink/flink-streaming-java/1.15-SNAPSHOT/flink-streaming-java-1.15-SNAPSHOT.jar:/Users/hangruan/maven/repo/org/apache/flink/flink-file-sink-common/1.15-SNAPSHOT/flink-file-sink-common-1.15-SNAPSHOT.jar:/Users/hangruan/maven/repo/org/apache/flink/flink-runtime/1.15-SNAPSHOT/flink-runtime-1.15-SNAPSHOT.jar:/Users/hangruan/maven/repo/org/apache/flink/flink-rpc-core/1.15-SNAPSHOT/flink-rpc-core-1.15-SNAPSHOT.jar:/Users/hangruan/maven/repo/org/apache/flink/flink-rpc-akka-loader/1.15-SNAPSHOT/flink-rpc-akka-loader-1.15-SNAPSHOT.jar:/Users/hangruan/maven/repo/org/apache/flink/flink-queryable-state-client-java/1.15-SNAPSHOT/flink-queryable-state-client-java-1.15-SNAPSHOT.jar:/Users/hangruan/maven/repo/org/apache/flink/flink-hadoop-fs/1.15-SNAPSHOT/flink-hadoop-fs-1.15-SNAPSHOT.jar:/Users/hangruan/maven/repo/commons-io/commons-io/2.11.0/commons-io-2.11.0.jar:/Users/hangruan/maven/repo/org/apache/flink/flink-shaded-netty/4.1.65.Final-14.0/flink-shaded-netty-4.1.65.Final-14.0.jar:/Users/hangruan/maven/repo/org/apache/flink/flink-shaded-jackson/2.12.4-14.0/flink-shaded-jackson-2.12.4-14.0.jar:/Users/hangruan/maven/repo/org/apache/flink/flink-shaded-zookeeper-3/3.4.14-14.0/flink-shaded-zookeeper-3-3.4.14-14.0.jar:/Users/hangruan/maven/repo/commons-cli/commons-cli/1.5.0/commons-cli-1.5.0.jar:/Users/hangruan/maven/repo/org/javassist/javassist/3.24.0-GA/javassist-3.24.0-GA.jar:/Users/hangruan/maven/repo/org/xerial/snappy/snappy-java/1.1.8.3/snappy-java-1.1.8.3.jar:/Users/hangruan/maven/repo/org/lz4/lz4-java/1.8.0/lz4-java-1.8.0.jar:/Users/hangruan/maven/repo/org/apache/flink/flink-java/1.15-SNAPSHOT/flink-java-1.15-SNAPSHOT.jar:/Users/hangruan/maven/repo/com/twitter/chill-java/0.7.6/chill-java-0.7.6.jar:/Users/hangruan/maven/repo/org/apache/commons/commons-math3/3.6.1/commons-math3-3.6.1.jar:/Users/hangruan/maven/repo/org/apache/flink/flink-connector-base/1.15-SNAPSHOT/flink-connector-base-1.15-SNAPSHOT.jar:/Users/hangruan/maven/repo/org/apache/flink/flink-table-common/1.15-SNAPSHOT/flink-table-common-1.15-SNAPSHOT.jar:/Users/hangruan/maven/repo/org/apache/flink/flink-test-utils/1.15-SNAPSHOT/flink-test-utils-1.15-SNAPSHOT.jar:/Users/hangruan/maven/repo/org/apache/flink/flink-test-utils-junit/1.15-SNAPSHOT/flink-test-utils-junit-1.15-SNAPSHOT.jar:/Users/hangruan/maven/repo/org/apache/flink/flink-runtime/1.15-SNAPSHOT/flink-runtime-1.15-SNAPSHOT-tests.jar:/Users/hangruan/maven/repo/org/apache/flink/flink-core/1.15-SNAPSHOT/flink-core-1.15-SNAPSHOT-tests.jar:/Users/hangruan/maven/repo/org/apache/flink/flink-rpc-akka-loader/1.15-SNAPSHOT/flink-rpc-akka-loader-1.15-SNAPSHOT-tests.jar:/Users/hangruan/maven/repo/org/apache/flink/flink-clients/1.15-SNAPSHOT/flink-clients-1.15-SNAPSHOT.jar:/Users/hangruan/maven/repo/org/apache/flink/flink-optimizer/1.15-SNAPSHOT/flink-optimizer-1.15-SNAPSHOT.jar:/Users/hangruan/maven/repo/org/apache/curator/curator-test/2.12.0/curator-test-2.12.0.jar:/Users/hangruan/maven/repo/org/apache/zookeeper/zookeeper/3.4.14/zookeeper-3.4.14.jar:/Users/hangruan/maven/repo/com/github/spotbugs/spotbugs-annotations/3.1.9/spotbugs-annotations-3.1.9.jar:/Users/hangruan/maven/repo/org/apache/yetus/audience-annotations/0.5.0/audience-annotations-0.5.0.jar:/Users/hangruan/maven/repo/com/google/guava/guava/16.0.1/guava-16.0.1.jar:/Users/hangruan/maven/repo/org/apache/flink/flink-statebackend-changelog/1.15-SNAPSHOT/flink-statebackend-changelog-1.15-SNAPSHOT.jar:/Users/hangruan/maven/repo/org/assertj/assertj-core/3.21.0/assertj-core-3.21.0.jar:/Users/hangruan/maven/repo/org/testcontainers/testcontainers/1.16.2/testcontainers-1.16.2.jar:/Users/hangruan/maven/repo/junit/junit/4.13.2/junit-4.13.2.jar:/Users/hangruan/maven/repo/org/rnorth/duct-tape/duct-tape/1.0.8/duct-tape-1.0.8.jar:/Users/hangruan/maven/repo/org/jetbrains/annotations/17.0.0/annotations-17.0.0.jar:/Users/hangruan/maven/repo/com/github/docker-java/docker-java-api/3.2.12/docker-java-api-3.2.12.jar:/Users/hangruan/maven/repo/com/fasterxml/jackson/core/jackson-annotations/2.13.0/jackson-annotations-2.13.0.jar:/Users/hangruan/maven/repo/com/github/docker-java/docker-java-transport-zerodep/3.2.12/docker-java-transport-zerodep-3.2.12.jar:/Users/hangruan/maven/repo/com/github/docker-java/docker-java-transport/3.2.12/docker-java-transport-3.2.12.jar:/Users/hangruan/maven/repo/net/java/dev/jna/jna/5.5.0/jna-5.5.0.jar:/Users/hangruan/maven/repo/org/apache/flink/flink-table-api-java-bridge/1.15-SNAPSHOT/flink-table-api-java-bridge-1.15-SNAPSHOT.jar:/Users/hangruan/maven/repo/org/apache/flink/flink-table-api-java/1.15-SNAPSHOT/flink-table-api-java-1.15-SNAPSHOT.jar:/Users/hangruan/maven/repo/org/apache/flink/flink-shaded-force-shading/14.0/flink-shaded-force-shading-14.0.jar:/Users/hangruan/maven/repo/org/slf4j/slf4j-api/1.7.15/slf4j-api-1.7.15.jar:/Users/hangruan/maven/repo/com/google/code/findbugs/jsr305/1.3.9/jsr305-1.3.9.jar:/Users/hangruan/maven/repo/org/junit/vintage/junit-vintage-engine/5.8.1/junit-vintage-engine-5.8.1.jar:/Users/hangruan/maven/repo/org/junit/platform/junit-platform-engine/1.8.1/junit-platform-engine-1.8.1.jar:/Users/hangruan/maven/repo/org/apiguardian/apiguardian-api/1.1.2/apiguardian-api-1.1.2.jar:/Users/hangruan/maven/repo/org/mockito/mockito-core/2.21.0/mockito-core-2.21.0.jar:/Users/hangruan/maven/repo/net/bytebuddy/byte-buddy/1.8.15/byte-buddy-1.8.15.jar:/Users/hangruan/maven/repo/net/bytebuddy/byte-buddy-agent/1.8.15/byte-buddy-agent-1.8.15.jar:/Users/hangruan/maven/repo/org/objenesis/objenesis/2.1/objenesis-2.1.jar:/Users/hangruan/maven/repo/org/powermock/powermock-module-junit4/2.0.9/powermock-module-junit4-2.0.9.jar:/Users/hangruan/maven/repo/org/powermock/powermock-module-junit4-common/2.0.9/powermock-module-junit4-common-2.0.9.jar:/Users/hangruan/maven/repo/org/powermock/powermock-reflect/2.0.9/powermock-reflect-2.0.9.jar:/Users/hangruan/maven/repo/org/powermock/powermock-core/2.0.9/powermock-core-2.0.9.jar:/Users/hangruan/maven/repo/org/hamcrest/hamcrest-core/1.3/hamcrest-core-1.3.jar:/Users/hangruan/maven/repo/org/powermock/powermock-api-mockito2/2.0.9/powermock-api-mockito2-2.0.9.jar:/Users/hangruan/maven/repo/org/powermock/powermock-api-support/2.0.9/powermock-api-support-2.0.9.jar:/Users/hangruan/maven/repo/org/hamcrest/hamcrest-all/1.3/hamcrest-all-1.3.jar:/Users/hangruan/maven/repo/org/testcontainers/junit-jupiter/1.16.2/junit-jupiter-1.16.2.jar:/Users/hangruan/maven/repo/org/apache/logging/log4j/log4j-slf4j-impl/2.14.1/log4j-slf4j-impl-2.14.1.jar:/Users/hangruan/maven/repo/org/apache/logging/log4j/log4j-api/2.14.1/log4j-api-2.14.1.jar:/Users/hangruan/maven/repo/org/apache/logging/log4j/log4j-core/2.14.1/log4j-core-2.14.1.jar:/Users/hangruan/maven/repo/org/apache/logging/log4j/log4j-1.2-api/2.14.1/log4j-1.2-api-2.14.1.jar:"/>
    <property name="sun.cpu.endian" value="little"/>
    <property name="user.home" value="/Users/hangruan"/>
    <property name="user.language" value="zh"/>
    <property name="java.specification.vendor" value="Oracle Corporation"/>
    <property name="java.home" value="/Library/Java/JavaVirtualMachines/jdk1.8.0_301.jdk/Contents/Home/jre"/>
    <property name="basedir" value="/Users/hangruan/project/flink/flink-test-utils-parent/flink-connector-testing"/>
    <property name="file.separator" value="/"/>
    <property name="checkstyle.skip" value="true"/>
    <property name="line.separator" value="&#10;"/>
    <property name="java.vm.specification.vendor" value="Oracle Corporation"/>
    <property name="java.specification.name" value="Java Platform API Specification"/>
    <property name="java.awt.graphicsenv" value="sun.awt.CGraphicsEnvironment"/>
    <property name="test.randomization.seed" value=""/>
    <property name="mvn.forkNumber" value="1"/>
    <property name="surefire.real.class.path" value="/Users/hangruan/project/flink/flink-test-utils-parent/flink-connector-testing/target/surefire/surefirebooter2466498656118799626.jar"/>
    <property name="buffer-debloat.randomization" value="true"/>
    <property name="sun.boot.class.path" value="/Library/Java/JavaVirtualMachines/jdk1.8.0_301.jdk/Contents/Home/jre/lib/resources.jar:/Library/Java/JavaVirtualMachines/jdk1.8.0_301.jdk/Contents/Home/jre/lib/rt.jar:/Library/Java/JavaVirtualMachines/jdk1.8.0_301.jdk/Contents/Home/jre/lib/sunrsasign.jar:/Library/Java/JavaVirtualMachines/jdk1.8.0_301.jdk/Contents/Home/jre/lib/jsse.jar:/Library/Java/JavaVirtualMachines/jdk1.8.0_301.jdk/Contents/Home/jre/lib/jce.jar:/Library/Java/JavaVirtualMachines/jdk1.8.0_301.jdk/Contents/Home/jre/lib/charsets.jar:/Library/Java/JavaVirtualMachines/jdk1.8.0_301.jdk/Contents/Home/jre/lib/jfr.jar:/Library/Java/JavaVirtualMachines/jdk1.8.0_301.jdk/Contents/Home/jre/classes"/>
    <property name="checkpointing.changelog" value="random"/>
    <property name="sun.management.compiler" value="HotSpot 64-Bit Tiered Compilers"/>
    <property name="java.runtime.version" value="1.8.0_301-b09"/>
    <property name="user.name" value="hangruan"/>
    <property name="path.separator" value=":"/>
    <property name="os.version" value="10.16"/>
    <property name="java.endorsed.dirs" value="/Library/Java/JavaVirtualMachines/jdk1.8.0_301.jdk/Contents/Home/jre/lib/endorsed"/>
    <property name="java.runtime.name" value="Java(TM) SE Runtime Environment"/>
    <property name="file.encoding" value="UTF-8"/>
    <property name="java.vm.name" value="Java HotSpot(TM) 64-Bit Server VM"/>
    <property name="localRepository" value="/Users/hangruan/maven/repo"/>
    <property name="java.vendor.url.bug" value="http://bugreport.sun.com/bugreport/"/>
    <property name="java.io.tmpdir" value="/var/folders/3b/zfy49j7906l_1v2_z1syjrhr0000gn/T/"/>
    <property name="java.version" value="1.8.0_301"/>
    <property name="user.dir" value="/Users/hangruan/project/flink/flink-test-utils-parent/flink-connector-testing"/>
    <property name="os.arch" value="x86_64"/>
    <property name="java.vm.specification.name" value="Java Virtual Machine Specification"/>
    <property name="java.awt.printerjob" value="sun.lwawt.macosx.CPrinterJob"/>
    <property name="sun.os.patch.level" value="unknown"/>
    <property name="checkpointing.randomization" value="true"/>
    <property name="java.library.path" value="/Users/hangruan/Library/Java/Extensions:/Library/Java/Extensions:/Network/Library/Java/Extensions:/System/Library/Java/Extensions:/usr/lib/java:."/>
    <property name="java.vm.info" value="mixed mode"/>
    <property name="java.vendor" value="Oracle Corporation"/>
    <property name="java.vm.version" value="25.301-b09"/>
    <property name="java.ext.dirs" value="/Users/hangruan/Library/Java/Extensions:/Library/Java/JavaVirtualMachines/jdk1.8.0_301.jdk/Contents/Home/jre/lib/ext:/Library/Java/Extensions:/Network/Library/Java/Extensions:/System/Library/Java/Extensions:/usr/lib/java"/>
    <property name="sun.io.unicode.encoding" value="UnicodeBig"/>
    <property name="java.class.version" value="52.0"/>
  </properties>
  <testcase name="testFailure" classname="org.apache.flink.connectors.test.common.utils.NoChangeTest" time="0.002">
    <failure type="java.lang.AssertionError"><![CDATA[java.lang.AssertionError
	at org.junit.Assert.fail(Assert.java:87)
	at org.junit.Assert.assertTrue(Assert.java:42)
	at org.junit.Assert.assertTrue(Assert.java:53)
	at org.apache.flink.connectors.test.common.utils.NoChangeTest.testFailure(NoChangeTest.java:23)
	at sun.reflect.NativeMethodAccessorImpl.invoke0(Native Method)
	at sun.reflect.NativeMethodAccessorImpl.invoke(NativeMethodAccessorImpl.java:62)
	at sun.reflect.DelegatingMethodAccessorImpl.invoke(DelegatingMethodAccessorImpl.java:43)
	at java.lang.reflect.Method.invoke(Method.java:498)
	at org.junit.runners.model.FrameworkMethod$1.runReflectiveCall(FrameworkMethod.java:59)
	at org.junit.internal.runners.model.ReflectiveCallable.run(ReflectiveCallable.java:12)
	at org.junit.runners.model.FrameworkMethod.invokeExplosively(FrameworkMethod.java:56)
	at org.junit.internal.runners.statements.InvokeMethod.evaluate(InvokeMethod.java:17)
	at org.junit.runners.ParentRunner$3.evaluate(ParentRunner.java:306)
	at org.junit.runners.BlockJUnit4ClassRunner$1.evaluate(BlockJUnit4ClassRunner.java:100)
	at org.junit.runners.ParentRunner.runLeaf(ParentRunner.java:366)
	at org.junit.runners.BlockJUnit4ClassRunner.runChild(BlockJUnit4ClassRunner.java:103)
	at org.junit.runners.BlockJUnit4ClassRunner.runChild(BlockJUnit4ClassRunner.java:63)
	at org.junit.runners.ParentRunner$4.run(ParentRunner.java:331)
	at org.junit.runners.ParentRunner$1.schedule(ParentRunner.java:79)
	at org.junit.runners.ParentRunner.runChildren(ParentRunner.java:329)
	at org.junit.runners.ParentRunner.access$100(ParentRunner.java:66)
	at org.junit.runners.ParentRunner$2.evaluate(ParentRunner.java:293)
	at org.junit.runners.ParentRunner$3.evaluate(ParentRunner.java:306)
	at org.junit.runners.ParentRunner.run(ParentRunner.java:413)
	at org.junit.runner.JUnitCore.run(JUnitCore.java:137)
	at org.junit.runner.JUnitCore.run(JUnitCore.java:115)
	at org.junit.vintage.engine.execution.RunnerExecutor.execute(RunnerExecutor.java:42)
	at org.junit.vintage.engine.VintageTestEngine.executeAllChildren(VintageTestEngine.java:80)
	at org.junit.vintage.engine.VintageTestEngine.execute(VintageTestEngine.java:72)
	at org.junit.platform.launcher.core.EngineExecutionOrchestrator.execute(EngineExecutionOrchestrator.java:107)
	at org.junit.platform.launcher.core.EngineExecutionOrchestrator.execute(EngineExecutionOrchestrator.java:88)
	at org.junit.platform.launcher.core.EngineExecutionOrchestrator.lambda$execute$0(EngineExecutionOrchestrator.java:54)
	at org.junit.platform.launcher.core.EngineExecutionOrchestrator.withInterceptedStreams(EngineExecutionOrchestrator.java:67)
	at org.junit.platform.launcher.core.EngineExecutionOrchestrator.execute(EngineExecutionOrchestrator.java:52)
	at org.junit.platform.launcher.core.DefaultLauncher.execute(DefaultLauncher.java:114)
	at org.junit.platform.launcher.core.DefaultLauncher.execute(DefaultLauncher.java:86)
	at org.junit.platform.launcher.core.DefaultLauncherSession$DelegatingLauncher.execute(DefaultLauncherSession.java:86)
	at org.junit.platform.launcher.core.SessionPerRequestLauncher.execute(SessionPerRequestLauncher.java:53)
	at org.apache.maven.surefire.junitplatform.JUnitPlatformProvider.execute(JUnitPlatformProvider.java:188)
	at org.apache.maven.surefire.junitplatform.JUnitPlatformProvider.invokeAllTests(JUnitPlatformProvider.java:154)
	at org.apache.maven.surefire.junitplatform.JUnitPlatformProvider.invoke(JUnitPlatformProvider.java:128)
	at org.apache.maven.surefire.booter.ForkedBooter.runSuitesInProcess(ForkedBooter.java:428)
	at org.apache.maven.surefire.booter.ForkedBooter.execute(ForkedBooter.java:162)
	at org.apache.maven.surefire.booter.ForkedBooter.run(ForkedBooter.java:562)
	at org.apache.maven.surefire.booter.ForkedBooter.main(ForkedBooter.java:548)
]]></failure>
  </testcase>
  <testcase name="testError" classname="org.apache.flink.connectors.test.common.utils.NoChangeTest" time="0">
    <error type="java.lang.IllegalStateException"><![CDATA[java.lang.IllegalStateException: error
	at org.apache.flink.connectors.test.common.utils.NoChangeTest.testError(NoChangeTest.java:11)
	at sun.reflect.NativeMethodAccessorImpl.invoke0(Native Method)
	at sun.reflect.NativeMethodAccessorImpl.invoke(NativeMethodAccessorImpl.java:62)
	at sun.reflect.DelegatingMethodAccessorImpl.invoke(DelegatingMethodAccessorImpl.java:43)
	at java.lang.reflect.Method.invoke(Method.java:498)
	at org.junit.runners.model.FrameworkMethod$1.runReflectiveCall(FrameworkMethod.java:59)
	at org.junit.internal.runners.model.ReflectiveCallable.run(ReflectiveCallable.java:12)
	at org.junit.runners.model.FrameworkMethod.invokeExplosively(FrameworkMethod.java:56)
	at org.junit.internal.runners.statements.InvokeMethod.evaluate(InvokeMethod.java:17)
	at org.junit.runners.ParentRunner$3.evaluate(ParentRunner.java:306)
	at org.junit.runners.BlockJUnit4ClassRunner$1.evaluate(BlockJUnit4ClassRunner.java:100)
	at org.junit.runners.ParentRunner.runLeaf(ParentRunner.java:366)
	at org.junit.runners.BlockJUnit4ClassRunner.runChild(BlockJUnit4ClassRunner.java:103)
	at org.junit.runners.BlockJUnit4ClassRunner.runChild(BlockJUnit4ClassRunner.java:63)
	at org.junit.runners.ParentRunner$4.run(ParentRunner.java:331)
	at org.junit.runners.ParentRunner$1.schedule(ParentRunner.java:79)
	at org.junit.runners.ParentRunner.runChildren(ParentRunner.java:329)
	at org.junit.runners.ParentRunner.access$100(ParentRunner.java:66)
	at org.junit.runners.ParentRunner$2.evaluate(ParentRunner.java:293)
	at org.junit.runners.ParentRunner$3.evaluate(ParentRunner.java:306)
	at org.junit.runners.ParentRunner.run(ParentRunner.java:413)
	at org.junit.runner.JUnitCore.run(JUnitCore.java:137)
	at org.junit.runner.JUnitCore.run(JUnitCore.java:115)
	at org.junit.vintage.engine.execution.RunnerExecutor.execute(RunnerExecutor.java:42)
	at org.junit.vintage.engine.VintageTestEngine.executeAllChildren(VintageTestEngine.java:80)
	at org.junit.vintage.engine.VintageTestEngine.execute(VintageTestEngine.java:72)
	at org.junit.platform.launcher.core.EngineExecutionOrchestrator.execute(EngineExecutionOrchestrator.java:107)
	at org.junit.platform.launcher.core.EngineExecutionOrchestrator.execute(EngineExecutionOrchestrator.java:88)
	at org.junit.platform.launcher.core.EngineExecutionOrchestrator.lambda$execute$0(EngineExecutionOrchestrator.java:54)
	at org.junit.platform.launcher.core.EngineExecutionOrchestrator.withInterceptedStreams(EngineExecutionOrchestrator.java:67)
	at org.junit.platform.launcher.core.EngineExecutionOrchestrator.execute(EngineExecutionOrchestrator.java:52)
	at org.junit.platform.launcher.core.DefaultLauncher.execute(DefaultLauncher.java:114)
	at org.junit.platform.launcher.core.DefaultLauncher.execute(DefaultLauncher.java:86)
	at org.junit.platform.launcher.core.DefaultLauncherSession$DelegatingLauncher.execute(DefaultLauncherSession.java:86)
	at org.junit.platform.launcher.core.SessionPerRequestLauncher.execute(SessionPerRequestLauncher.java:53)
	at org.apache.maven.surefire.junitplatform.JUnitPlatformProvider.execute(JUnitPlatformProvider.java:188)
	at org.apache.maven.surefire.junitplatform.JUnitPlatformProvider.invokeAllTests(JUnitPlatformProvider.java:154)
	at org.apache.maven.surefire.junitplatform.JUnitPlatformProvider.invoke(JUnitPlatformProvider.java:128)
	at org.apache.maven.surefire.booter.ForkedBooter.runSuitesInProcess(ForkedBooter.java:428)
	at org.apache.maven.surefire.booter.ForkedBooter.execute(ForkedBooter.java:162)
	at org.apache.maven.surefire.booter.ForkedBooter.run(ForkedBooter.java:562)
	at org.apache.maven.surefire.booter.ForkedBooter.main(ForkedBooter.java:548)
]]></error>
  </testcase>
  <testcase name="testIgnore" classname="org.apache.flink.connectors.test.common.utils.NoChangeTest" time="0">
    <skipped/>
  </testcase>
  <testcase name="testSuccess" classname="org.apache.flink.connectors.test.common.utils.NoChangeTest" time="0"/>
</testsuite>